  New One.cpp
C:\Users\Das Sleichende Chaos\Documents\MEGA\CETYS\C++\New One\Personajes.h(8,798): warning C4129:  '/': secuencia de escape de carácter no reconocida
C:\Users\Das Sleichende Chaos\Documents\MEGA\CETYS\C++\New One\Personajes.h(9,53): warning C4129:  '/': secuencia de escape de carácter no reconocida
C:\Users\Das Sleichende Chaos\Documents\MEGA\CETYS\C++\New One\Personajes.h(9,82): warning C4129:  ' ': secuencia de escape de carácter no reconocida
C:\Users\Das Sleichende Chaos\Documents\MEGA\CETYS\C++\New One\Personajes.h(9,82): warning C4129:  ',': secuencia de escape de carácter no reconocida
C:\Users\Das Sleichende Chaos\Documents\MEGA\CETYS\C++\New One\Personajes.h(9,112): warning C4129:  ' ': secuencia de escape de carácter no reconocida
C:\Users\Das Sleichende Chaos\Documents\MEGA\CETYS\C++\New One\Personajes.h(9,142): warning C4129:  ' ': secuencia de escape de carácter no reconocida
C:\Users\Das Sleichende Chaos\Documents\MEGA\CETYS\C++\New One\Personajes.h(9,175): warning C4129:  '_': secuencia de escape de carácter no reconocida
C:\Users\Das Sleichende Chaos\Documents\MEGA\CETYS\C++\New One\Personajes.h(9,212): warning C4129:  ' ': secuencia de escape de carácter no reconocida
C:\Users\Das Sleichende Chaos\Documents\MEGA\CETYS\C++\New One\Personajes.h(9,250): warning C4129:  '`': secuencia de escape de carácter no reconocida
C:\Users\Das Sleichende Chaos\Documents\MEGA\CETYS\C++\New One\Personajes.h(9,287): warning C4129:  '_': secuencia de escape de carácter no reconocida
C:\Users\Das Sleichende Chaos\Documents\MEGA\CETYS\C++\New One\Personajes.h(9,322): warning C4129:  '`': secuencia de escape de carácter no reconocida
C:\Users\Das Sleichende Chaos\Documents\MEGA\CETYS\C++\New One\Personajes.h(9,355): warning C4129:  '(': secuencia de escape de carácter no reconocida
C:\Users\Das Sleichende Chaos\Documents\MEGA\CETYS\C++\New One\Personajes.h(9,572): warning C4129:  '/': secuencia de escape de carácter no reconocida
C:\Users\Das Sleichende Chaos\Documents\MEGA\CETYS\C++\New One\Personajes.h(9,607): warning C4129:  ' ': secuencia de escape de carácter no reconocida
C:\Users\Das Sleichende Chaos\Documents\MEGA\CETYS\C++\New One\Personajes.h(12,230): warning C4129:  '-': secuencia de escape de carácter no reconocida
C:\Users\Das Sleichende Chaos\Documents\MEGA\CETYS\C++\New One\Personajes.h(12,518): warning C4129:  '_': secuencia de escape de carácter no reconocida
C:\Users\Das Sleichende Chaos\Documents\MEGA\CETYS\C++\New One\Personajes.h(12,589): warning C4129:  '/': secuencia de escape de carácter no reconocida
C:\Users\Das Sleichende Chaos\Documents\MEGA\CETYS\C++\New One\Personajes.h(18,168): warning C4129:  '-': secuencia de escape de carácter no reconocida
C:\Users\Das Sleichende Chaos\Documents\MEGA\CETYS\C++\New One\Personajes.h(19,426): warning C4129:  'W': secuencia de escape de carácter no reconocida
C:\Users\Das Sleichende Chaos\Documents\MEGA\CETYS\C++\New One\Personajes.h(45,82): warning C4129:  '/': secuencia de escape de carácter no reconocida
C:\Users\Das Sleichende Chaos\Documents\MEGA\CETYS\C++\New One\Personajes.h(45,111): warning C4129:  ' ': secuencia de escape de carácter no reconocida
C:\Users\Das Sleichende Chaos\Documents\MEGA\CETYS\C++\New One\Personajes.h(45,111): warning C4129:  ',': secuencia de escape de carácter no reconocida
C:\Users\Das Sleichende Chaos\Documents\MEGA\CETYS\C++\New One\Personajes.h(45,141): warning C4129:  ' ': secuencia de escape de carácter no reconocida
C:\Users\Das Sleichende Chaos\Documents\MEGA\CETYS\C++\New One\Personajes.h(45,171): warning C4129:  ' ': secuencia de escape de carácter no reconocida
C:\Users\Das Sleichende Chaos\Documents\MEGA\CETYS\C++\New One\Personajes.h(45,204): warning C4129:  '_': secuencia de escape de carácter no reconocida
C:\Users\Das Sleichende Chaos\Documents\MEGA\CETYS\C++\New One\Personajes.h(45,241): warning C4129:  ' ': secuencia de escape de carácter no reconocida
C:\Users\Das Sleichende Chaos\Documents\MEGA\CETYS\C++\New One\Personajes.h(45,279): warning C4129:  '`': secuencia de escape de carácter no reconocida
C:\Users\Das Sleichende Chaos\Documents\MEGA\CETYS\C++\New One\Personajes.h(45,316): warning C4129:  '_': secuencia de escape de carácter no reconocida
C:\Users\Das Sleichende Chaos\Documents\MEGA\CETYS\C++\New One\Personajes.h(45,351): warning C4129:  '`': secuencia de escape de carácter no reconocida
C:\Users\Das Sleichende Chaos\Documents\MEGA\CETYS\C++\New One\Personajes.h(45,384): warning C4129:  '(': secuencia de escape de carácter no reconocida
C:\Users\Das Sleichende Chaos\Documents\MEGA\CETYS\C++\New One\Personajes.h(45,601): warning C4129:  '/': secuencia de escape de carácter no reconocida
C:\Users\Das Sleichende Chaos\Documents\MEGA\CETYS\C++\New One\Personajes.h(45,636): warning C4129:  ' ': secuencia de escape de carácter no reconocida
C:\Users\Das Sleichende Chaos\Documents\MEGA\CETYS\C++\New One\Personajes.h(46,46): warning C4129:  ' ': secuencia de escape de carácter no reconocida
C:\Users\Das Sleichende Chaos\Documents\MEGA\CETYS\C++\New One\Personajes.h(46,159): warning C4129:  ' ': secuencia de escape de carácter no reconocida
C:\Users\Das Sleichende Chaos\Documents\MEGA\CETYS\C++\New One\Personajes.h(47,10): warning C4129:  ' ': secuencia de escape de carácter no reconocida
C:\Users\Das Sleichende Chaos\Documents\MEGA\CETYS\C++\New One\Personajes.h(47,99): warning C4129:  ' ': secuencia de escape de carácter no reconocida
C:\Users\Das Sleichende Chaos\Documents\MEGA\CETYS\C++\New One\Personajes.h(47,156): warning C4129:  ' ': secuencia de escape de carácter no reconocida
C:\Users\Das Sleichende Chaos\Documents\MEGA\CETYS\C++\New One\Personajes.h(47,184): warning C4129:  '_': secuencia de escape de carácter no reconocida
C:\Users\Das Sleichende Chaos\Documents\MEGA\CETYS\C++\New One\Personajes.h(47,268): warning C4129:  ' ': secuencia de escape de carácter no reconocida
C:\Users\Das Sleichende Chaos\Documents\MEGA\CETYS\C++\New One\Personajes.h(47,420): warning C4129:  ' ': secuencia de escape de carácter no reconocida
C:\Users\Das Sleichende Chaos\Documents\MEGA\CETYS\C++\New One\Personajes.h(49,194): warning C4129:  '-': secuencia de escape de carácter no reconocida
C:\Users\Das Sleichende Chaos\Documents\MEGA\CETYS\C++\New One\Personajes.h(49,482): warning C4129:  '_': secuencia de escape de carácter no reconocida
C:\Users\Das Sleichende Chaos\Documents\MEGA\CETYS\C++\New One\Personajes.h(49,553): warning C4129:  '/': secuencia de escape de carácter no reconocida
C:\Users\Das Sleichende Chaos\Documents\MEGA\CETYS\C++\New One\New One.cpp(279,23): warning C4305:  '=': truncamiento de 'double' a 'float'
C:\Users\Das Sleichende Chaos\Documents\MEGA\CETYS\C++\New One\New One.cpp(281,23): warning C4305:  '=': truncamiento de 'double' a 'float'
C:\Users\Das Sleichende Chaos\Documents\MEGA\CETYS\C++\New One\New One.cpp(1349,12): warning C4244:  'argumento': conversión de 'time_t' a 'unsigned int'; posible pérdida de datos
  New One.vcxproj -> C:\Users\Das Sleichende Chaos\Documents\MEGA\CETYS\C++\New One\Debug\New One.exe
